2026-03-29 15:47:08,455 [Worker-3: Loading available Gradle versions] INFO  o.e.b.c.i.u.g.PublishedGradleVersions - Gradle version information cache is not available. Remote download required.
2026-03-29 15:51:05,556 [Worker-7: Launching mavenrun-651941f2-08a8-4738-b200-ce5e9f797ca4] INFO  o.eclipse.m2e.core.internal.Bundles - getClasspathEntries(Bundle=org.eclipse.m2e.maven.runtime_3.9.900.20250220-2013 [298])
2026-03-29 15:51:05,562 [Worker-7: Launching mavenrun-651941f2-08a8-4738-b200-ce5e9f797ca4] INFO  o.eclipse.m2e.core.internal.Bundles - 	Entry: C:\Users\AITS\.p2\pool\plugins\org.eclipse.m2e.maven.runtime_3.9.900.20250220-2013
2026-03-29 15:51:05,563 [Worker-7: Launching mavenrun-651941f2-08a8-4738-b200-ce5e9f797ca4] INFO  o.eclipse.m2e.core.internal.Bundles - 	Entry: C:\Users\AITS\.p2\pool\plugins\org.eclipse.m2e.maven.runtime_3.9.900.20250220-2013\jars\aopalliance-1.0.jar
2026-03-29 15:51:05,564 [Worker-7: Launching mavenrun-651941f2-08a8-4738-b200-ce5e9f797ca4] INFO  o.eclipse.m2e.core.internal.Bundles - 	Entry: C:\Users\AITS\.p2\pool\plugins\org.eclipse.m2e.maven.runtime_3.9.900.20250220-2013\jars\guice-5.1.0.jar
2026-03-29 15:51:05,564 [Worker-7: Launching mavenrun-651941f2-08a8-4738-b200-ce5e9f797ca4] INFO  o.eclipse.m2e.core.internal.Bundles - 	Entry: C:\Users\AITS\.p2\pool\plugins\org.eclipse.m2e.maven.runtime_3.9.900.20250220-2013\jars\httpclient-4.5.14.jar
2026-03-29 15:51:05,564 [Worker-7: Launching mavenrun-651941f2-08a8-4738-b200-ce5e9f797ca4] INFO  o.eclipse.m2e.core.internal.Bundles - 	Entry: C:\Users\AITS\.p2\pool\plugins\org.eclipse.m2e.maven.runtime_3.9.900.20250220-2013\jars\httpcore-4.4.16.jar
2026-03-29 15:51:05,565 [Worker-7: Launching mavenrun-651941f2-08a8-4738-b200-ce5e9f797ca4] INFO  o.eclipse.m2e.core.internal.Bundles - 	Entry: C:\Users\AITS\.p2\pool\plugins\org.eclipse.m2e.maven.runtime_3.9.900.20250220-2013\jars\jansi-2.4.1.jar
2026-03-29 15:51:05,565 [Worker-7: Launching mavenrun-651941f2-08a8-4738-b200-ce5e9f797ca4] INFO  o.eclipse.m2e.core.internal.Bundles - 	Entry: C:\Users\AITS\.p2\pool\plugins\org.eclipse.m2e.maven.runtime_3.9.900.20250220-2013\jars\jcl-over-slf4j-1.7.36.jar
2026-03-29 15:51:05,565 [Worker-7: Launching mavenrun-651941f2-08a8-4738-b200-ce5e9f797ca4] INFO  o.eclipse.m2e.core.internal.Bundles - 	Entry: C:\Users\AITS\.p2\pool\plugins\org.eclipse.m2e.maven.runtime_3.9.900.20250220-2013\jars\maven-artifact-3.9.9.jar
2026-03-29 15:51:05,566 [Worker-7: Launching mavenrun-651941f2-08a8-4738-b200-ce5e9f797ca4] INFO  o.eclipse.m2e.core.internal.Bundles - 	Entry: C:\Users\AITS\.p2\pool\plugins\org.eclipse.m2e.maven.runtime_3.9.900.20250220-2013\jars\maven-builder-support-3.9.9.jar
2026-03-29 15:51:05,566 [Worker-7: Launching mavenrun-651941f2-08a8-4738-b200-ce5e9f797ca4] INFO  o.eclipse.m2e.core.internal.Bundles - 	Entry: C:\Users\AITS\.p2\pool\plugins\org.eclipse.m2e.maven.runtime_3.9.900.20250220-2013\jars\maven-compat-3.9.9.jar
2026-03-29 15:51:05,566 [Worker-7: Launching mavenrun-651941f2-08a8-4738-b200-ce5e9f797ca4] INFO  o.eclipse.m2e.core.internal.Bundles - 	Entry: C:\Users\AITS\.p2\pool\plugins\org.eclipse.m2e.maven.runtime_3.9.900.20250220-2013\jars\maven-core-3.9.9.jar
2026-03-29 15:51:05,567 [Worker-7: Launching mavenrun-651941f2-08a8-4738-b200-ce5e9f797ca4] INFO  o.eclipse.m2e.core.internal.Bundles - 	Entry: C:\Users\AITS\.p2\pool\plugins\org.eclipse.m2e.maven.runtime_3.9.900.20250220-2013\jars\maven-embedder-3.9.9.jar
2026-03-29 15:51:05,567 [Worker-7: Launching mavenrun-651941f2-08a8-4738-b200-ce5e9f797ca4] INFO  o.eclipse.m2e.core.internal.Bundles - 	Entry: C:\Users\AITS\.p2\pool\plugins\org.eclipse.m2e.maven.runtime_3.9.900.20250220-2013\jars\maven-model-3.9.9.jar
2026-03-29 15:51:05,567 [Worker-7: Launching mavenrun-651941f2-08a8-4738-b200-ce5e9f797ca4] INFO  o.eclipse.m2e.core.internal.Bundles - 	Entry: C:\Users\AITS\.p2\pool\plugins\org.eclipse.m2e.maven.runtime_3.9.900.20250220-2013\jars\maven-model-builder-3.9.9.jar
2026-03-29 15:51:05,568 [Worker-7: Launching mavenrun-651941f2-08a8-4738-b200-ce5e9f797ca4] INFO  o.eclipse.m2e.core.internal.Bundles - 	Entry: C:\Users\AITS\.p2\pool\plugins\org.eclipse.m2e.maven.runtime_3.9.900.20250220-2013\jars\maven-plugin-api-3.9.9.jar
2026-03-29 15:51:05,568 [Worker-7: Launching mavenrun-651941f2-08a8-4738-b200-ce5e9f797ca4] INFO  o.eclipse.m2e.core.internal.Bundles - 	Entry: C:\Users\AITS\.p2\pool\plugins\org.eclipse.m2e.maven.runtime_3.9.900.20250220-2013\jars\maven-repository-metadata-3.9.9.jar
2026-03-29 15:51:05,569 [Worker-7: Launching mavenrun-651941f2-08a8-4738-b200-ce5e9f797ca4] INFO  o.eclipse.m2e.core.internal.Bundles - 	Entry: C:\Users\AITS\.p2\pool\plugins\org.eclipse.m2e.maven.runtime_3.9.900.20250220-2013\jars\maven-resolver-api-1.9.22.jar
2026-03-29 15:51:05,569 [Worker-7: Launching mavenrun-651941f2-08a8-4738-b200-ce5e9f797ca4] INFO  o.eclipse.m2e.core.internal.Bundles - 	Entry: C:\Users\AITS\.p2\pool\plugins\org.eclipse.m2e.maven.runtime_3.9.900.20250220-2013\jars\maven-resolver-connector-basic-1.9.22.jar
2026-03-29 15:51:05,569 [Worker-7: Launching mavenrun-651941f2-08a8-4738-b200-ce5e9f797ca4] INFO  o.eclipse.m2e.core.internal.Bundles - 	Entry: C:\Users\AITS\.p2\pool\plugins\org.eclipse.m2e.maven.runtime_3.9.900.20250220-2013\jars\maven-resolver-impl-1.9.22.jar
2026-03-29 15:51:05,570 [Worker-7: Launching mavenrun-651941f2-08a8-4738-b200-ce5e9f797ca4] INFO  o.eclipse.m2e.core.internal.Bundles - 	Entry: C:\Users\AITS\.p2\pool\plugins\org.eclipse.m2e.maven.runtime_3.9.900.20250220-2013\jars\maven-resolver-named-locks-1.9.22.jar
2026-03-29 15:51:05,570 [Worker-7: Launching mavenrun-651941f2-08a8-4738-b200-ce5e9f797ca4] INFO  o.eclipse.m2e.core.internal.Bundles - 	Entry: C:\Users\AITS\.p2\pool\plugins\org.eclipse.m2e.maven.runtime_3.9.900.20250220-2013\jars\maven-resolver-provider-3.9.9.jar
2026-03-29 15:51:05,571 [Worker-7: Launching mavenrun-651941f2-08a8-4738-b200-ce5e9f797ca4] INFO  o.eclipse.m2e.core.internal.Bundles - 	Entry: C:\Users\AITS\.p2\pool\plugins\org.eclipse.m2e.maven.runtime_3.9.900.20250220-2013\jars\maven-resolver-spi-1.9.22.jar
2026-03-29 15:51:05,571 [Worker-7: Launching mavenrun-651941f2-08a8-4738-b200-ce5e9f797ca4] INFO  o.eclipse.m2e.core.internal.Bundles - 	Entry: C:\Users\AITS\.p2\pool\plugins\org.eclipse.m2e.maven.runtime_3.9.900.20250220-2013\jars\maven-resolver-transport-file-1.9.22.jar
2026-03-29 15:51:05,571 [Worker-7: Launching mavenrun-651941f2-08a8-4738-b200-ce5e9f797ca4] INFO  o.eclipse.m2e.core.internal.Bundles - 	Entry: C:\Users\AITS\.p2\pool\plugins\org.eclipse.m2e.maven.runtime_3.9.900.20250220-2013\jars\maven-resolver-transport-http-1.9.22.jar
2026-03-29 15:51:05,572 [Worker-7: Launching mavenrun-651941f2-08a8-4738-b200-ce5e9f797ca4] INFO  o.eclipse.m2e.core.internal.Bundles - 	Entry: C:\Users\AITS\.p2\pool\plugins\org.eclipse.m2e.maven.runtime_3.9.900.20250220-2013\jars\maven-resolver-transport-wagon-1.9.22.jar
2026-03-29 15:51:05,572 [Worker-7: Launching mavenrun-651941f2-08a8-4738-b200-ce5e9f797ca4] INFO  o.eclipse.m2e.core.internal.Bundles - 	Entry: C:\Users\AITS\.p2\pool\plugins\org.eclipse.m2e.maven.runtime_3.9.900.20250220-2013\jars\maven-resolver-util-1.9.22.jar
2026-03-29 15:51:05,572 [Worker-7: Launching mavenrun-651941f2-08a8-4738-b200-ce5e9f797ca4] INFO  o.eclipse.m2e.core.internal.Bundles - 	Entry: C:\Users\AITS\.p2\pool\plugins\org.eclipse.m2e.maven.runtime_3.9.900.20250220-2013\jars\maven-settings-3.9.9.jar
2026-03-29 15:51:05,573 [Worker-7: Launching mavenrun-651941f2-08a8-4738-b200-ce5e9f797ca4] INFO  o.eclipse.m2e.core.internal.Bundles - 	Entry: C:\Users\AITS\.p2\pool\plugins\org.eclipse.m2e.maven.runtime_3.9.900.20250220-2013\jars\maven-settings-builder-3.9.9.jar
2026-03-29 15:51:05,573 [Worker-7: Launching mavenrun-651941f2-08a8-4738-b200-ce5e9f797ca4] INFO  o.eclipse.m2e.core.internal.Bundles - 	Entry: C:\Users\AITS\.p2\pool\plugins\org.eclipse.m2e.maven.runtime_3.9.900.20250220-2013\jars\maven-shared-utils-3.4.2.jar
2026-03-29 15:51:05,573 [Worker-7: Launching mavenrun-651941f2-08a8-4738-b200-ce5e9f797ca4] INFO  o.eclipse.m2e.core.internal.Bundles - 	Entry: C:\Users\AITS\.p2\pool\plugins\org.eclipse.m2e.maven.runtime_3.9.900.20250220-2013\jars\org.eclipse.sisu.inject-0.9.0.M3.jar
2026-03-29 15:51:05,574 [Worker-7: Launching mavenrun-651941f2-08a8-4738-b200-ce5e9f797ca4] INFO  o.eclipse.m2e.core.internal.Bundles - 	Entry: C:\Users\AITS\.p2\pool\plugins\org.eclipse.m2e.maven.runtime_3.9.900.20250220-2013\jars\org.eclipse.sisu.plexus-0.9.0.M3.jar
2026-03-29 15:51:05,574 [Worker-7: Launching mavenrun-651941f2-08a8-4738-b200-ce5e9f797ca4] INFO  o.eclipse.m2e.core.internal.Bundles - 	Entry: C:\Users\AITS\.p2\pool\plugins\org.eclipse.m2e.maven.runtime_3.9.900.20250220-2013\jars\plexus-build-api-0.0.7.jar
2026-03-29 15:51:05,575 [Worker-7: Launching mavenrun-651941f2-08a8-4738-b200-ce5e9f797ca4] INFO  o.eclipse.m2e.core.internal.Bundles - 	Entry: C:\Users\AITS\.p2\pool\plugins\org.eclipse.m2e.maven.runtime_3.9.900.20250220-2013\jars\plexus-build-api-1.2.0.jar
2026-03-29 15:51:05,575 [Worker-7: Launching mavenrun-651941f2-08a8-4738-b200-ce5e9f797ca4] INFO  o.eclipse.m2e.core.internal.Bundles - 	Entry: C:\Users\AITS\.p2\pool\plugins\org.eclipse.m2e.maven.runtime_3.9.900.20250220-2013\jars\plexus-cipher-2.0.jar
2026-03-29 15:51:05,576 [Worker-7: Launching mavenrun-651941f2-08a8-4738-b200-ce5e9f797ca4] INFO  o.eclipse.m2e.core.internal.Bundles - 	Entry: C:\Users\AITS\.p2\pool\plugins\org.eclipse.m2e.maven.runtime_3.9.900.20250220-2013\jars\plexus-classworlds-2.8.0.jar
2026-03-29 15:51:05,576 [Worker-7: Launching mavenrun-651941f2-08a8-4738-b200-ce5e9f797ca4] INFO  o.eclipse.m2e.core.internal.Bundles - 	Entry: C:\Users\AITS\.p2\pool\plugins\org.eclipse.m2e.maven.runtime_3.9.900.20250220-2013\jars\plexus-component-annotations-2.1.0.jar
2026-03-29 15:51:05,577 [Worker-7: Launching mavenrun-651941f2-08a8-4738-b200-ce5e9f797ca4] INFO  o.eclipse.m2e.core.internal.Bundles - 	Entry: C:\Users\AITS\.p2\pool\plugins\org.eclipse.m2e.maven.runtime_3.9.900.20250220-2013\jars\plexus-interpolation-1.27.jar
2026-03-29 15:51:05,577 [Worker-7: Launching mavenrun-651941f2-08a8-4738-b200-ce5e9f797ca4] INFO  o.eclipse.m2e.core.internal.Bundles - 	Entry: C:\Users\AITS\.p2\pool\plugins\org.eclipse.m2e.maven.runtime_3.9.900.20250220-2013\jars\plexus-sec-dispatcher-2.0.jar
2026-03-29 15:51:05,577 [Worker-7: Launching mavenrun-651941f2-08a8-4738-b200-ce5e9f797ca4] INFO  o.eclipse.m2e.core.internal.Bundles - 	Entry: C:\Users\AITS\.p2\pool\plugins\org.eclipse.m2e.maven.runtime_3.9.900.20250220-2013\jars\plexus-utils-3.5.1.jar
2026-03-29 15:51:05,578 [Worker-7: Launching mavenrun-651941f2-08a8-4738-b200-ce5e9f797ca4] INFO  o.eclipse.m2e.core.internal.Bundles - 	Entry: C:\Users\AITS\.p2\pool\plugins\org.eclipse.m2e.maven.runtime_3.9.900.20250220-2013\jars\plexus-xml-3.0.1.jar
2026-03-29 15:51:05,578 [Worker-7: Launching mavenrun-651941f2-08a8-4738-b200-ce5e9f797ca4] INFO  o.eclipse.m2e.core.internal.Bundles - 	Entry: C:\Users\AITS\.p2\pool\plugins\org.eclipse.m2e.maven.runtime_3.9.900.20250220-2013\jars\wagon-file-3.5.3.jar
2026-03-29 15:51:05,579 [Worker-7: Launching mavenrun-651941f2-08a8-4738-b200-ce5e9f797ca4] INFO  o.eclipse.m2e.core.internal.Bundles - 	Entry: C:\Users\AITS\.p2\pool\plugins\org.eclipse.m2e.maven.runtime_3.9.900.20250220-2013\jars\wagon-http-3.5.3.jar
2026-03-29 15:51:05,579 [Worker-7: Launching mavenrun-651941f2-08a8-4738-b200-ce5e9f797ca4] INFO  o.eclipse.m2e.core.internal.Bundles - 	Entry: C:\Users\AITS\.p2\pool\plugins\org.eclipse.m2e.maven.runtime_3.9.900.20250220-2013\jars\wagon-http-shared-3.5.3.jar
2026-03-29 15:51:05,579 [Worker-7: Launching mavenrun-651941f2-08a8-4738-b200-ce5e9f797ca4] INFO  o.eclipse.m2e.core.internal.Bundles - 	Entry: C:\Users\AITS\.p2\pool\plugins\org.eclipse.m2e.maven.runtime_3.9.900.20250220-2013\jars\wagon-provider-api-3.5.3.jar
2026-03-29 15:51:05,582 [Worker-7: Launching mavenrun-651941f2-08a8-4738-b200-ce5e9f797ca4] INFO  o.eclipse.m2e.core.internal.Bundles - getClasspathEntries(Bundle=com.google.guava_33.4.8.jre [14])
2026-03-29 15:51:05,584 [Worker-7: Launching mavenrun-651941f2-08a8-4738-b200-ce5e9f797ca4] INFO  o.eclipse.m2e.core.internal.Bundles - 	Entry: C:\Users\AITS\.p2\pool\plugins\com.google.guava_33.4.8.jre.jar
2026-03-29 15:51:05,584 [Worker-7: Launching mavenrun-651941f2-08a8-4738-b200-ce5e9f797ca4] INFO  o.eclipse.m2e.core.internal.Bundles - getClasspathEntries(Bundle=slf4j.api_2.0.17 [526])
2026-03-29 15:51:05,585 [Worker-7: Launching mavenrun-651941f2-08a8-4738-b200-ce5e9f797ca4] INFO  o.eclipse.m2e.core.internal.Bundles - 	Entry: C:\Users\AITS\.p2\pool\plugins\slf4j.api_2.0.17.jar
2026-03-29 15:51:05,585 [Worker-7: Launching mavenrun-651941f2-08a8-4738-b200-ce5e9f797ca4] INFO  o.eclipse.m2e.core.internal.Bundles - getClasspathEntries(Bundle=jakarta.inject.jakarta.inject-api_1.0.5 [25])
2026-03-29 15:51:05,586 [Worker-7: Launching mavenrun-651941f2-08a8-4738-b200-ce5e9f797ca4] INFO  o.eclipse.m2e.core.internal.Bundles - 	Entry: C:\Users\AITS\.p2\pool\plugins\jakarta.inject.jakarta.inject-api_1.0.5.jar
2026-03-29 15:51:05,587 [Worker-7: Launching mavenrun-651941f2-08a8-4738-b200-ce5e9f797ca4] INFO  o.eclipse.m2e.core.internal.Bundles - getClasspathEntries(Bundle=javax.annotation_1.3.5.v20200909-1856 [28])
2026-03-29 15:51:05,588 [Worker-7: Launching mavenrun-651941f2-08a8-4738-b200-ce5e9f797ca4] INFO  o.eclipse.m2e.core.internal.Bundles - 	Entry: C:\Users\AITS\.p2\pool\plugins\javax.annotation_1.3.5.v20200909-1856.jar
2026-03-29 15:51:05,588 [Worker-7: Launching mavenrun-651941f2-08a8-4738-b200-ce5e9f797ca4] INFO  o.eclipse.m2e.core.internal.Bundles - getClasspathEntries(Bundle=org.apache.commons.cli_1.9.0 [50])
2026-03-29 15:51:05,589 [Worker-7: Launching mavenrun-651941f2-08a8-4738-b200-ce5e9f797ca4] INFO  o.eclipse.m2e.core.internal.Bundles - 	Entry: C:\Users\AITS\.p2\pool\plugins\org.apache.commons.cli_1.9.0.jar
2026-03-29 15:51:05,589 [Worker-7: Launching mavenrun-651941f2-08a8-4738-b200-ce5e9f797ca4] INFO  o.eclipse.m2e.core.internal.Bundles - getClasspathEntries(Bundle=org.apache.commons.commons-codec_1.16.0 [51])
2026-03-29 15:51:05,590 [Worker-7: Launching mavenrun-651941f2-08a8-4738-b200-ce5e9f797ca4] INFO  o.eclipse.m2e.core.internal.Bundles - 	Entry: C:\Users\AITS\.p2\pool\plugins\org.apache.commons.commons-codec_1.16.0.jar
2026-03-29 15:51:05,591 [Worker-7: Launching mavenrun-651941f2-08a8-4738-b200-ce5e9f797ca4] INFO  o.eclipse.m2e.core.internal.Bundles - getClasspathEntries(Bundle=com.google.guava.failureaccess_1.0.3 [15])
2026-03-29 15:51:05,592 [Worker-7: Launching mavenrun-651941f2-08a8-4738-b200-ce5e9f797ca4] INFO  o.eclipse.m2e.core.internal.Bundles - 	Entry: C:\Users\AITS\.p2\pool\plugins\com.google.guava.failureaccess_1.0.3.jar
2026-03-29 15:51:05,600 [Worker-7: Launching mavenrun-651941f2-08a8-4738-b200-ce5e9f797ca4] INFO  o.e.m.i.launch.MavenLaunchDelegate - Run build in "C:\Users\AITS\AppData\Local\Temp\m2e-archetypeGenerator17141629315102964133":
2026-03-29 15:51:05,607 [Worker-7: Launching mavenrun-651941f2-08a8-4738-b200-ce5e9f797ca4] INFO  o.e.m.i.launch.MavenLaunchDelegate -  mvn  -DarchetypeGroupId=org.apache.maven.archetypes -DarchetypeArtifactId=maven-archetype-quickstart -DarchetypeVersion=1.1 -DgroupId=testDemo -DartifactId=testDemo -Dversion=0.0.1-SNAPSHOT -Dpackage=testDemo.testDemo -DoutputDirectory=C:\Users\AITS\GitDemo1 -Dstyle.color=always -U archetype:generate
2026-03-29 15:52:30,041 [Worker-11: Creating maven-archetype-quickstart] INFO  o.e.m.c.i.p.ProjectConfigurationManager - Collecting project info '/pom.xml' C:\Users\AITS\GitDemo1\testDemo\pom.xml
2026-03-29 15:52:31,459 [Worker-11: Creating maven-archetype-quickstart] INFO  o.e.m.c.i.l.LifecycleMappingFactory - Using org.eclipse.m2e.jdt.JarLifecycleMapping lifecycle mapping for MavenProject: testDemo:testDemo:0.0.1-SNAPSHOT @ C:\Users\AITS\GitDemo1\testDemo\pom.xml.
2026-03-29 15:52:32,895 [Worker-11: Creating maven-archetype-quickstart] INFO  o.e.m.j.i.AbstractJavaProjectConfigurator - Adding source folder /testDemo/src/main/java
2026-03-29 15:52:32,900 [Worker-11: Creating maven-archetype-quickstart] INFO  o.e.m.j.i.AbstractJavaProjectConfigurator - Adding resource folder /testDemo/src/main/resources
2026-03-29 15:52:32,910 [Worker-11: Creating maven-archetype-quickstart] INFO  o.e.m.j.i.AbstractJavaProjectConfigurator - Adding source folder /testDemo/src/test/java
2026-03-29 15:52:32,912 [Worker-11: Creating maven-archetype-quickstart] INFO  o.e.m.j.i.AbstractJavaProjectConfigurator - Adding resource folder /testDemo/src/test/resources
2026-03-29 15:52:33,111 [Worker-11: Creating maven-archetype-quickstart] INFO  o.e.m.c.i.p.ProjectConfigurationManager - Imported and configured 1 project(s) in 3 sec
2026-03-29 15:52:35,314 [Worker-9: Building] INFO  o.a.m.s.f.DefaultMavenResourcesFiltering - skip non existing resourceDirectory C:\Users\AITS\GitDemo1\testDemo\src\main\resources
2026-03-29 15:52:35,326 [Worker-9: Building] INFO  o.a.m.s.f.DefaultMavenResourcesFiltering - skip non existing resourceDirectory C:\Users\AITS\GitDemo1\testDemo\src\test\resources
2026-03-29 15:53:59,799 [Worker-13: Building] INFO  o.a.m.s.f.DefaultMavenResourcesFiltering - skip non existing resourceDirectory C:\Users\AITS\GitDemo1\testDemo\src\main\resources
2026-03-29 15:53:59,807 [Worker-13: Building] INFO  o.a.m.s.f.DefaultMavenResourcesFiltering - skip non existing resourceDirectory C:\Users\AITS\GitDemo1\testDemo\src\test\resources
2026-03-29 15:57:51,873 [Worker-15: Building] INFO  o.a.m.s.f.DefaultMavenResourcesFiltering - skip non existing resourceDirectory C:\Users\AITS\GitDemo1\testDemo\src\main\resources
2026-03-29 15:57:51,880 [Worker-15: Building] INFO  o.a.m.s.f.DefaultMavenResourcesFiltering - skip non existing resourceDirectory C:\Users\AITS\GitDemo1\testDemo\src\test\resources
